TN:
SF:D:\Juancho\PROYECTOS\PROYECTOS\PLATZI\NodeJS\Platziverse\platziverse-db\index.js
FN:6,(anonymous_0)
FNF:1
FNH:1
FNDA:2,(anonymous_0)
DA:1,2
DA:2,2
DA:3,2
DA:4,2
DA:6,2
DA:7,2
DA:19,2
DA:20,2
DA:21,2
DA:23,2
DA:24,2
DA:26,2
DA:28,2
DA:29,0
DA:32,2
DA:33,2
DA:35,2
LF:17
LH:16
BRDA:28,0,0,0
BRDA:28,0,1,2
BRF:2
BRH:1
end_of_record
TN:
SF:D:\Juancho\PROYECTOS\PROYECTOS\PLATZI\NodeJS\Platziverse\platziverse-db\lib\db.js
FN:4,setupDatabae
FNF:1
FNH:1
FNDA:2,setupDatabae
DA:1,1
DA:2,1
DA:4,1
DA:5,2
DA:6,1
DA:8,2
LF:6
LH:6
BRDA:5,0,0,1
BRDA:5,0,1,1
BRF:2
BRH:2
end_of_record
TN:
SF:D:\Juancho\PROYECTOS\PROYECTOS\PLATZI\NodeJS\Platziverse\platziverse-db\models\agent.js
FN:4,setupAgentModel
FNF:1
FNH:0
FNDA:0,setupAgentModel
DA:1,1
DA:2,1
DA:4,1
DA:5,0
DA:7,0
LF:5
LH:3
BRF:0
BRH:0
end_of_record
TN:
SF:D:\Juancho\PROYECTOS\PROYECTOS\PLATZI\NodeJS\Platziverse\platziverse-db\models\metric.js
FN:4,setupMetricModel
FNF:1
FNH:0
FNDA:0,setupMetricModel
DA:1,1
DA:2,1
DA:4,1
DA:5,0
DA:7,0
LF:5
LH:3
BRF:0
BRH:0
end_of_record
